<?xml version="1.0" encoding="UTF-8"?>
<!-- Generated by org.testng.reporters.JUnitReportReporter -->
<testsuite hostname="DESKTOP-ARF3BKM" failures="0" tests="5" name="Rest_Assured.demo" time="8.185" errors="0" timestamp="2023-07-04T11:47:48 IST" skipped="0">
  <testcase classname="Rest_Assured.demo" name="Create_Repository_for_Authenticated_User" time="4.458"/>
  <system-out/>
  <testcase classname="Rest_Assured.demo" name="Create_a_File_Content" time="1.697"/>
  <system-out/>
  <testcase classname="Rest_Assured.demo" name="Update_a_File_Content" time="0.731"/>
  <system-out/>
  <testcase classname="Rest_Assured.demo" name="Delete_a_File_Content" time="0.602"/>
  <system-out/>
  <testcase classname="Rest_Assured.demo" name="Delete_a_Repository" time="0.697"/>
  <system-out/>
</testsuite> <!-- Rest_Assured.demo -->
