<?xml version="1.0" encoding="UTF-8"?>
<!-- Generated by org.testng.reporters.JUnitReportReporter -->
<testsuite hostname="DESKTOP-ARF3BKM" failures="0" tests="2" name="com.API_Rest.qa_Rest_assured" time="5.301" errors="0" timestamp="2023-07-02T14:22:19 IST" skipped="0">
  <testcase classname="com.API_Rest.qa_Rest_assured" name="Create_an_AutoLink_Reference_for_an_repos" time="4.608"/>
  <system-out/>
  <testcase classname="com.API_Rest.qa_Rest_assured" name="List_Reposatory_tags" time="0.693"/>
  <system-out/>
</testsuite> <!-- com.API_Rest.qa_Rest_assured -->
